The system is: Linux - 5.18.16-1-MANJARO - x86_64
Compiling the C compiler identification source file "CMakeCCompilerId.c" succeeded.
Compiler: /usr/bin/cc 
Build flags: 
Id flags:  

The output was:
0


Compilation of the C compiler identification source "CMakeCCompilerId.c" produced "a.out"

The C compiler identification is GNU, found in "/home/rickeee/Nutstore Files/我的坚果云/AST/build/CMakeFiles/3.23.3/CompilerIdC/a.out"

Compiling the CXX compiler identification source file "CMakeCXXCompilerId.cpp" succeeded.
Compiler: /usr/bin/c++ 
Build flags: 
Id flags:  

The output was:
0


Compilation of the CXX compiler identification source "CMakeCXXCompilerId.cpp" produced "a.out"

The CXX compiler identification is GNU, found in "/home/rickeee/Nutstore Files/我的坚果云/AST/build/CMakeFiles/3.23.3/CompilerIdCXX/a.out"

Detecting C compiler ABI info compiled with the following output:
Change Dir: /home/rickeee/Nutstore Files/我的坚果云/AST/build/CMakeFiles/CMakeTmp

Run Build Command(s):/usr/bin/make -f Makefile cmTC_4b387/fast && /usr/bin/make  -f CMakeFiles/cmTC_4b387.dir/build.make CMakeFiles/cmTC_4b387.dir/build
make[1]: Entering directory '/home/rickeee/Nutstore Files/我的坚果云/AST/build/CMakeFiles/CMakeTmp'
Building C object CMakeFiles/cmTC_4b387.dir/CMakeCCompilerABI.c.o
/usr/bin/cc   -v -o CMakeFiles/cmTC_4b387.dir/CMakeCCompilerABI.c.o -c /usr/share/cmake/Modules/CMakeCCompilerABI.c
Using built-in specs.
COLLECT_GCC=/usr/bin/cc
Target: x86_64-pc-linux-gnu
Configured with: /build/gcc/src/gcc/configure --enable-languages=c,c++,ada,fortran,go,lto,objc,obj-c++,d --enable-bootstrap --prefix=/usr --libdir=/usr/lib --libexecdir=/usr/lib --mandir=/usr/share/man --infodir=/usr/share/info --with-bugurl=https://bugs.archlinux.org/ --with-build-config=bootstrap-lto --with-linker-hash-style=gnu --with-system-zlib --enable-__cxa_atexit --enable-cet=auto --enable-checking=release --enable-clocale=gnu --enable-default-pie --enable-default-ssp --enable-gnu-indirect-function --enable-gnu-unique-object --enable-libstdcxx-backtrace --enable-link-serialization=1 --enable-linker-build-id --enable-lto --enable-multilib --enable-plugin --enable-shared --enable-threads=posix --disable-libssp --disable-libstdcxx-pch --disable-werror
Thread model: posix
Supported LTO compression algorithms: zlib zstd
gcc version 12.1.1 20220730 (GCC) 
COLLECT_GCC_OPTIONS='-v' '-o' 'CMakeFiles/cmTC_4b387.dir/CMakeCCompilerABI.c.o' '-c' '-mtune=generic' '-march=x86-64' '-dumpdir' 'CMakeFiles/cmTC_4b387.dir/'
 /usr/lib/gcc/x86_64-pc-linux-gnu/12.1.1/cc1 -quiet -v /usr/share/cmake/Modules/CMakeCCompilerABI.c -quiet -dumpdir CMakeFiles/cmTC_4b387.dir/ -dumpbase CMakeCCompilerABI.c.c -dumpbase-ext .c -mtune=generic -march=x86-64 -version -o /tmp/cc7q3SKz.s
GNU C17 (GCC) version 12.1.1 20220730 (x86_64-pc-linux-gnu)
	compiled by GNU C version 12.1.1 20220730, GMP version 6.2.1, MPFR version 4.1.0-p13, MPC version 1.2.1, isl version isl-0.25-GMP

GGC heuristics: --param ggc-min-expand=100 --param ggc-min-heapsize=131072
ignoring nonexistent directory "/usr/lib/gcc/x86_64-pc-linux-gnu/12.1.1/../../../../x86_64-pc-linux-gnu/include"
#include "..." search starts here:
#include <...> search starts here:
 /usr/lib/gcc/x86_64-pc-linux-gnu/12.1.1/include
 /usr/local/include
 /usr/lib/gcc/x86_64-pc-linux-gnu/12.1.1/include-fixed
 /usr/include
End of search list.
GNU C17 (GCC) version 12.1.1 20220730 (x86_64-pc-linux-gnu)
	compiled by GNU C version 12.1.1 20220730, GMP version 6.2.1, MPFR version 4.1.0-p13, MPC version 1.2.1, isl version isl-0.25-GMP

GGC heuristics: --param ggc-min-expand=100 --param ggc-min-heapsize=131072
Compiler executable checksum: 6dadb53059c00a18874576e950e4a0dc
COLLECT_GCC_OPTIONS='-v' '-o' 'CMakeFiles/cmTC_4b387.dir/CMakeCCompilerABI.c.o' '-c' '-mtune=generic' '-march=x86-64' '-dumpdir' 'CMakeFiles/cmTC_4b387.dir/'
 as -v --64 -o CMakeFiles/cmTC_4b387.dir/CMakeCCompilerABI.c.o /tmp/cc7q3SKz.s
GNU assembler version 2.38 (x86_64-pc-linux-gnu) using BFD version (GNU Binutils) 2.38
COMPILER_PATH=/usr/lib/gcc/x86_64-pc-linux-gnu/12.1.1/:/usr/lib/gcc/x86_64-pc-linux-gnu/12.1.1/:/usr/lib/gcc/x86_64-pc-linux-gnu/:/usr/lib/gcc/x86_64-pc-linux-gnu/12.1.1/:/usr/lib/gcc/x86_64-pc-linux-gnu/
LIBRARY_PATH=/usr/lib/gcc/x86_64-pc-linux-gnu/12.1.1/:/usr/lib/gcc/x86_64-pc-linux-gnu/12.1.1/../../../../lib/:/lib/../lib/:/usr/lib/../lib/:/usr/lib/gcc/x86_64-pc-linux-gnu/12.1.1/../../../:/lib/:/usr/lib/
COLLECT_GCC_OPTIONS='-v' '-o' 'CMakeFiles/cmTC_4b387.dir/CMakeCCompilerABI.c.o' '-c' '-mtune=generic' '-march=x86-64' '-dumpdir' 'CMakeFiles/cmTC_4b387.dir/CMakeCCompilerABI.c.'
Linking C executable cmTC_4b387
/usr/bin/cmake -E cmake_link_script CMakeFiles/cmTC_4b387.dir/link.txt --verbose=1
/usr/bin/cc  -v -rdynamic CMakeFiles/cmTC_4b387.dir/CMakeCCompilerABI.c.o -o cmTC_4b387 
Using built-in specs.
COLLECT_GCC=/usr/bin/cc
COLLECT_LTO_WRAPPER=/usr/lib/gcc/x86_64-pc-linux-gnu/12.1.1/lto-wrapper
Target: x86_64-pc-linux-gnu
Configured with: /build/gcc/src/gcc/configure --enable-languages=c,c++,ada,fortran,go,lto,objc,obj-c++,d --enable-bootstrap --prefix=/usr --libdir=/usr/lib --libexecdir=/usr/lib --mandir=/usr/share/man --infodir=/usr/share/info --with-bugurl=https://bugs.archlinux.org/ --with-build-config=bootstrap-lto --with-linker-hash-style=gnu --with-system-zlib --enable-__cxa_atexit --enable-cet=auto --enable-checking=release --enable-clocale=gnu --enable-default-pie --enable-default-ssp --enable-gnu-indirect-function --enable-gnu-unique-object --enable-libstdcxx-backtrace --enable-link-serialization=1 --enable-linker-build-id --enable-lto --enable-multilib --enable-plugin --enable-shared --enable-threads=posix --disable-libssp --disable-libstdcxx-pch --disable-werror
Thread model: posix
Supported LTO compression algorithms: zlib zstd
gcc version 12.1.1 20220730 (GCC) 
COMPILER_PATH=/usr/lib/gcc/x86_64-pc-linux-gnu/12.1.1/:/usr/lib/gcc/x86_64-pc-linux-gnu/12.1.1/:/usr/lib/gcc/x86_64-pc-linux-gnu/:/usr/lib/gcc/x86_64-pc-linux-gnu/12.1.1/:/usr/lib/gcc/x86_64-pc-linux-gnu/
LIBRARY_PATH=/usr/lib/gcc/x86_64-pc-linux-gnu/12.1.1/:/usr/lib/gcc/x86_64-pc-linux-gnu/12.1.1/../../../../lib/:/lib/../lib/:/usr/lib/../lib/:/usr/lib/gcc/x86_64-pc-linux-gnu/12.1.1/../../../:/lib/:/usr/lib/
COLLECT_GCC_OPTIONS='-v' '-rdynamic' '-o' 'cmTC_4b387' '-mtune=generic' '-march=x86-64' '-dumpdir' 'cmTC_4b387.'
 /usr/lib/gcc/x86_64-pc-linux-gnu/12.1.1/collect2 -plugin /usr/lib/gcc/x86_64-pc-linux-gnu/12.1.1/liblto_plugin.so -plugin-opt=/usr/lib/gcc/x86_64-pc-linux-gnu/12.1.1/lto-wrapper -plugin-opt=-fresolution=/tmp/ccc1shnm.res -plugin-opt=-pass-through=-lgcc -plugin-opt=-pass-through=-lgcc_s -plugin-opt=-pass-through=-lc -plugin-opt=-pass-through=-lgcc -plugin-opt=-pass-through=-lgcc_s --build-id --eh-frame-hdr --hash-style=gnu -m elf_x86_64 -export-dynamic -dynamic-linker /lib64/ld-linux-x86-64.so.2 -pie -o cmTC_4b387 /usr/lib/gcc/x86_64-pc-linux-gnu/12.1.1/../../../../lib/Scrt1.o /usr/lib/gcc/x86_64-pc-linux-gnu/12.1.1/../../../../lib/crti.o /usr/lib/gcc/x86_64-pc-linux-gnu/12.1.1/crtbeginS.o -L/usr/lib/gcc/x86_64-pc-linux-gnu/12.1.1 -L/usr/lib/gcc/x86_64-pc-linux-gnu/12.1.1/../../../../lib -L/lib/../lib -L/usr/lib/../lib -L/usr/lib/gcc/x86_64-pc-linux-gnu/12.1.1/../../.. CMakeFiles/cmTC_4b387.dir/CMakeCCompilerABI.c.o -lgcc --push-state --as-needed -lgcc_s --pop-state -lc -lgcc --push-state --as-needed -lgcc_s --pop-state /usr/lib/gcc/x86_64-pc-linux-gnu/12.1.1/crtendS.o /usr/lib/gcc/x86_64-pc-linux-gnu/12.1.1/../../../../lib/crtn.o
COLLECT_GCC_OPTIONS='-v' '-rdynamic' '-o' 'cmTC_4b387' '-mtune=generic' '-march=x86-64' '-dumpdir' 'cmTC_4b387.'
make[1]: Leaving directory '/home/rickeee/Nutstore Files/我的坚果云/AST/build/CMakeFiles/CMakeTmp'



Parsed C implicit include dir info from above output: rv=done
  found start of include info
  found start of implicit include info
    add: [/usr/lib/gcc/x86_64-pc-linux-gnu/12.1.1/include]
    add: [/usr/local/include]
    add: [/usr/lib/gcc/x86_64-pc-linux-gnu/12.1.1/include-fixed]
    add: [/usr/include]
  end of search list found
  collapse include dir [/usr/lib/gcc/x86_64-pc-linux-gnu/12.1.1/include] ==> [/usr/lib/gcc/x86_64-pc-linux-gnu/12.1.1/include]
  collapse include dir [/usr/local/include] ==> [/usr/local/include]
  collapse include dir [/usr/lib/gcc/x86_64-pc-linux-gnu/12.1.1/include-fixed] ==> [/usr/lib/gcc/x86_64-pc-linux-gnu/12.1.1/include-fixed]
  collapse include dir [/usr/include] ==> [/usr/include]
  implicit include dirs: [/usr/lib/gcc/x86_64-pc-linux-gnu/12.1.1/include;/usr/local/include;/usr/lib/gcc/x86_64-pc-linux-gnu/12.1.1/include-fixed;/usr/include]


Parsed C implicit link information from above output:
  link line regex: [^( *|.*[/\])(ld|CMAKE_LINK_STARTFILE-NOTFOUND|([^/\]+-)?ld|collect2)[^/\]*( |$)]
  ignore line: [Change Dir: /home/rickeee/Nutstore Files/我的坚果云/AST/build/CMakeFiles/CMakeTmp]
  ignore line: []
  ignore line: [Run Build Command(s):/usr/bin/make -f Makefile cmTC_4b387/fast && /usr/bin/make  -f CMakeFiles/cmTC_4b387.dir/build.make CMakeFiles/cmTC_4b387.dir/build]
  ignore line: [make[1]: Entering directory '/home/rickeee/Nutstore Files/我的坚果云/AST/build/CMakeFiles/CMakeTmp']
  ignore line: [Building C object CMakeFiles/cmTC_4b387.dir/CMakeCCompilerABI.c.o]
  ignore line: [/usr/bin/cc   -v -o CMakeFiles/cmTC_4b387.dir/CMakeCCompilerABI.c.o -c /usr/share/cmake/Modules/CMakeCCompilerABI.c]
  ignore line: [Using built-in specs.]
  ignore line: [COLLECT_GCC=/usr/bin/cc]
  ignore line: [Target: x86_64-pc-linux-gnu]
  ignore line: [Configured with: /build/gcc/src/gcc/configure --enable-languages=c c++ ada fortran go lto objc obj-c++ d --enable-bootstrap --prefix=/usr --libdir=/usr/lib --libexecdir=/usr/lib --mandir=/usr/share/man --infodir=/usr/share/info --with-bugurl=https://bugs.archlinux.org/ --with-build-config=bootstrap-lto --with-linker-hash-style=gnu --with-system-zlib --enable-__cxa_atexit --enable-cet=auto --enable-checking=release --enable-clocale=gnu --enable-default-pie --enable-default-ssp --enable-gnu-indirect-function --enable-gnu-unique-object --enable-libstdcxx-backtrace --enable-link-serialization=1 --enable-linker-build-id --enable-lto --enable-multilib --enable-plugin --enable-shared --enable-threads=posix --disable-libssp --disable-libstdcxx-pch --disable-werror]
  ignore line: [Thread model: posix]
  ignore line: [Supported LTO compression algorithms: zlib zstd]
  ignore line: [gcc version 12.1.1 20220730 (GCC) ]
  ignore line: [COLLECT_GCC_OPTIONS='-v' '-o' 'CMakeFiles/cmTC_4b387.dir/CMakeCCompilerABI.c.o' '-c' '-mtune=generic' '-march=x86-64' '-dumpdir' 'CMakeFiles/cmTC_4b387.dir/']
  ignore line: [ /usr/lib/gcc/x86_64-pc-linux-gnu/12.1.1/cc1 -quiet -v /usr/share/cmake/Modules/CMakeCCompilerABI.c -quiet -dumpdir CMakeFiles/cmTC_4b387.dir/ -dumpbase CMakeCCompilerABI.c.c -dumpbase-ext .c -mtune=generic -march=x86-64 -version -o /tmp/cc7q3SKz.s]
  ignore line: [GNU C17 (GCC) version 12.1.1 20220730 (x86_64-pc-linux-gnu)]
  ignore line: [	compiled by GNU C version 12.1.1 20220730  GMP version 6.2.1  MPFR version 4.1.0-p13  MPC version 1.2.1  isl version isl-0.25-GMP]
  ignore line: []
  ignore line: [GGC heuristics: --param ggc-min-expand=100 --param ggc-min-heapsize=131072]
  ignore line: [ignoring nonexistent directory "/usr/lib/gcc/x86_64-pc-linux-gnu/12.1.1/../../../../x86_64-pc-linux-gnu/include"]
  ignore line: [#include "..." search starts here:]
  ignore line: [#include <...> search starts here:]
  ignore line: [ /usr/lib/gcc/x86_64-pc-linux-gnu/12.1.1/include]
  ignore line: [ /usr/local/include]
  ignore line: [ /usr/lib/gcc/x86_64-pc-linux-gnu/12.1.1/include-fixed]
  ignore line: [ /usr/include]
  ignore line: [End of search list.]
  ignore line: [GNU C17 (GCC) version 12.1.1 20220730 (x86_64-pc-linux-gnu)]
  ignore line: [	compiled by GNU C version 12.1.1 20220730  GMP version 6.2.1  MPFR version 4.1.0-p13  MPC version 1.2.1  isl version isl-0.25-GMP]
  ignore line: []
  ignore line: [GGC heuristics: --param ggc-min-expand=100 --param ggc-min-heapsize=131072]
  ignore line: [Compiler executable checksum: 6dadb53059c00a18874576e950e4a0dc]
  ignore line: [COLLECT_GCC_OPTIONS='-v' '-o' 'CMakeFiles/cmTC_4b387.dir/CMakeCCompilerABI.c.o' '-c' '-mtune=generic' '-march=x86-64' '-dumpdir' 'CMakeFiles/cmTC_4b387.dir/']
  ignore line: [ as -v --64 -o CMakeFiles/cmTC_4b387.dir/CMakeCCompilerABI.c.o /tmp/cc7q3SKz.s]
  ignore line: [GNU assembler version 2.38 (x86_64-pc-linux-gnu) using BFD version (GNU Binutils) 2.38]
  ignore line: [COMPILER_PATH=/usr/lib/gcc/x86_64-pc-linux-gnu/12.1.1/:/usr/lib/gcc/x86_64-pc-linux-gnu/12.1.1/:/usr/lib/gcc/x86_64-pc-linux-gnu/:/usr/lib/gcc/x86_64-pc-linux-gnu/12.1.1/:/usr/lib/gcc/x86_64-pc-linux-gnu/]
  ignore line: [LIBRARY_PATH=/usr/lib/gcc/x86_64-pc-linux-gnu/12.1.1/:/usr/lib/gcc/x86_64-pc-linux-gnu/12.1.1/../../../../lib/:/lib/../lib/:/usr/lib/../lib/:/usr/lib/gcc/x86_64-pc-linux-gnu/12.1.1/../../../:/lib/:/usr/lib/]
  ignore line: [COLLECT_GCC_OPTIONS='-v' '-o' 'CMakeFiles/cmTC_4b387.dir/CMakeCCompilerABI.c.o' '-c' '-mtune=generic' '-march=x86-64' '-dumpdir' 'CMakeFiles/cmTC_4b387.dir/CMakeCCompilerABI.c.']
  ignore line: [Linking C executable cmTC_4b387]
  ignore line: [/usr/bin/cmake -E cmake_link_script CMakeFiles/cmTC_4b387.dir/link.txt --verbose=1]
  ignore line: [/usr/bin/cc  -v -rdynamic CMakeFiles/cmTC_4b387.dir/CMakeCCompilerABI.c.o -o cmTC_4b387 ]
  ignore line: [Using built-in specs.]
  ignore line: [COLLECT_GCC=/usr/bin/cc]
  ignore line: [COLLECT_LTO_WRAPPER=/usr/lib/gcc/x86_64-pc-linux-gnu/12.1.1/lto-wrapper]
  ignore line: [Target: x86_64-pc-linux-gnu]
  ignore line: [Configured with: /build/gcc/src/gcc/configure --enable-languages=c c++ ada fortran go lto objc obj-c++ d --enable-bootstrap --prefix=/usr --libdir=/usr/lib --libexecdir=/usr/lib --mandir=/usr/share/man --infodir=/usr/share/info --with-bugurl=https://bugs.archlinux.org/ --with-build-config=bootstrap-lto --with-linker-hash-style=gnu --with-system-zlib --enable-__cxa_atexit --enable-cet=auto --enable-checking=release --enable-clocale=gnu --enable-default-pie --enable-default-ssp --enable-gnu-indirect-function --enable-gnu-unique-object --enable-libstdcxx-backtrace --enable-link-serialization=1 --enable-linker-build-id --enable-lto --enable-multilib --enable-plugin --enable-shared --enable-threads=posix --disable-libssp --disable-libstdcxx-pch --disable-werror]
  ignore line: [Thread model: posix]
  ignore line: [Supported LTO compression algorithms: zlib zstd]
  ignore line: [gcc version 12.1.1 20220730 (GCC) ]
  ignore line: [COMPILER_PATH=/usr/lib/gcc/x86_64-pc-linux-gnu/12.1.1/:/usr/lib/gcc/x86_64-pc-linux-gnu/12.1.1/:/usr/lib/gcc/x86_64-pc-linux-gnu/:/usr/lib/gcc/x86_64-pc-linux-gnu/12.1.1/:/usr/lib/gcc/x86_64-pc-linux-gnu/]
  ignore line: [LIBRARY_PATH=/usr/lib/gcc/x86_64-pc-linux-gnu/12.1.1/:/usr/lib/gcc/x86_64-pc-linux-gnu/12.1.1/../../../../lib/:/lib/../lib/:/usr/lib/../lib/:/usr/lib/gcc/x86_64-pc-linux-gnu/12.1.1/../../../:/lib/:/usr/lib/]
  ignore line: [COLLECT_GCC_OPTIONS='-v' '-rdynamic' '-o' 'cmTC_4b387' '-mtune=generic' '-march=x86-64' '-dumpdir' 'cmTC_4b387.']
  link line: [ /usr/lib/gcc/x86_64-pc-linux-gnu/12.1.1/collect2 -plugin /usr/lib/gcc/x86_64-pc-linux-gnu/12.1.1/liblto_plugin.so -plugin-opt=/usr/lib/gcc/x86_64-pc-linux-gnu/12.1.1/lto-wrapper -plugin-opt=-fresolution=/tmp/ccc1shnm.res -plugin-opt=-pass-through=-lgcc -plugin-opt=-pass-through=-lgcc_s -plugin-opt=-pass-through=-lc -plugin-opt=-pass-through=-lgcc -plugin-opt=-pass-through=-lgcc_s --build-id --eh-frame-hdr --hash-style=gnu -m elf_x86_64 -export-dynamic -dynamic-linker /lib64/ld-linux-x86-64.so.2 -pie -o cmTC_4b387 /usr/lib/gcc/x86_64-pc-linux-gnu/12.1.1/../../../../lib/Scrt1.o /usr/lib/gcc/x86_64-pc-linux-gnu/12.1.1/../../../../lib/crti.o /usr/lib/gcc/x86_64-pc-linux-gnu/12.1.1/crtbeginS.o -L/usr/lib/gcc/x86_64-pc-linux-gnu/12.1.1 -L/usr/lib/gcc/x86_64-pc-linux-gnu/12.1.1/../../../../lib -L/lib/../lib -L/usr/lib/../lib -L/usr/lib/gcc/x86_64-pc-linux-gnu/12.1.1/../../.. CMakeFiles/cmTC_4b387.dir/CMakeCCompilerABI.c.o -lgcc --push-state --as-needed -lgcc_s --pop-state -lc -lgcc --push-state --as-needed -lgcc_s --pop-state /usr/lib/gcc/x86_64-pc-linux-gnu/12.1.1/crtendS.o /usr/lib/gcc/x86_64-pc-linux-gnu/12.1.1/../../../../lib/crtn.o]
    arg [/usr/lib/gcc/x86_64-pc-linux-gnu/12.1.1/collect2] ==> ignore
    arg [-plugin] ==> ignore
    arg [/usr/lib/gcc/x86_64-pc-linux-gnu/12.1.1/liblto_plugin.so] ==> ignore
    arg [-plugin-opt=/usr/lib/gcc/x86_64-pc-linux-gnu/12.1.1/lto-wrapper] ==> ignore
    arg [-plugin-opt=-fresolution=/tmp/ccc1shnm.res] ==> ignore
    arg [-plugin-opt=-pass-through=-lgcc] ==> ignore
    arg [-plugin-opt=-pass-through=-lgcc_s] ==> ignore
    arg [-plugin-opt=-pass-through=-lc] ==> ignore
    arg [-plugin-opt=-pass-through=-lgcc] ==> ignore
    arg [-plugin-opt=-pass-through=-lgcc_s] ==> ignore
    arg [--build-id] ==> ignore
    arg [--eh-frame-hdr] ==> ignore
    arg [--hash-style=gnu] ==> ignore
    arg [-m] ==> ignore
    arg [elf_x86_64] ==> ignore
    arg [-export-dynamic] ==> ignore
    arg [-dynamic-linker] ==> ignore
    arg [/lib64/ld-linux-x86-64.so.2] ==> ignore
    arg [-pie] ==> ignore
    arg [-o] ==> ignore
    arg [cmTC_4b387] ==> ignore
    arg [/usr/lib/gcc/x86_64-pc-linux-gnu/12.1.1/../../../../lib/Scrt1.o] ==> obj [/usr/lib/gcc/x86_64-pc-linux-gnu/12.1.1/../../../../lib/Scrt1.o]
    arg [/usr/lib/gcc/x86_64-pc-linux-gnu/12.1.1/../../../../lib/crti.o] ==> obj [/usr/lib/gcc/x86_64-pc-linux-gnu/12.1.1/../../../../lib/crti.o]
    arg [/usr/lib/gcc/x86_64-pc-linux-gnu/12.1.1/crtbeginS.o] ==> obj [/usr/lib/gcc/x86_64-pc-linux-gnu/12.1.1/crtbeginS.o]
    arg [-L/usr/lib/gcc/x86_64-pc-linux-gnu/12.1.1] ==> dir [/usr/lib/gcc/x86_64-pc-linux-gnu/12.1.1]
    arg [-L/usr/lib/gcc/x86_64-pc-linux-gnu/12.1.1/../../../../lib] ==> dir [/usr/lib/gcc/x86_64-pc-linux-gnu/12.1.1/../../../../lib]
    arg [-L/lib/../lib] ==> dir [/lib/../lib]
    arg [-L/usr/lib/../lib] ==> dir [/usr/lib/../lib]
    arg [-L/usr/lib/gcc/x86_64-pc-linux-gnu/12.1.1/../../..] ==> dir [/usr/lib/gcc/x86_64-pc-linux-gnu/12.1.1/../../..]
    arg [CMakeFiles/cmTC_4b387.dir/CMakeCCompilerABI.c.o] ==> ignore
    arg [-lgcc] ==> lib [gcc]
    arg [--push-state] ==> ignore
    arg [--as-needed] ==> ignore
    arg [-lgcc_s] ==> lib [gcc_s]
    arg [--pop-state] ==> ignore
    arg [-lc] ==> lib [c]
    arg [-lgcc] ==> lib [gcc]
    arg [--push-state] ==> ignore
    arg [--as-needed] ==> ignore
    arg [-lgcc_s] ==> lib [gcc_s]
    arg [--pop-state] ==> ignore
    arg [/usr/lib/gcc/x86_64-pc-linux-gnu/12.1.1/crtendS.o] ==> obj [/usr/lib/gcc/x86_64-pc-linux-gnu/12.1.1/crtendS.o]
    arg [/usr/lib/gcc/x86_64-pc-linux-gnu/12.1.1/../../../../lib/crtn.o] ==> obj [/usr/lib/gcc/x86_64-pc-linux-gnu/12.1.1/../../../../lib/crtn.o]
  collapse obj [/usr/lib/gcc/x86_64-pc-linux-gnu/12.1.1/../../../../lib/Scrt1.o] ==> [/usr/lib/Scrt1.o]
  collapse obj [/usr/lib/gcc/x86_64-pc-linux-gnu/12.1.1/../../../../lib/crti.o] ==> [/usr/lib/crti.o]
  collapse obj [/usr/lib/gcc/x86_64-pc-linux-gnu/12.1.1/../../../../lib/crtn.o] ==> [/usr/lib/crtn.o]
  collapse library dir [/usr/lib/gcc/x86_64-pc-linux-gnu/12.1.1] ==> [/usr/lib/gcc/x86_64-pc-linux-gnu/12.1.1]
  collapse library dir [/usr/lib/gcc/x86_64-pc-linux-gnu/12.1.1/../../../../lib] ==> [/usr/lib]
  collapse library dir [/lib/../lib] ==> [/lib]
  collapse library dir [/usr/lib/../lib] ==> [/usr/lib]
  collapse library dir [/usr/lib/gcc/x86_64-pc-linux-gnu/12.1.1/../../..] ==> [/usr/lib]
  implicit libs: [gcc;gcc_s;c;gcc;gcc_s]
  implicit objs: [/usr/lib/Scrt1.o;/usr/lib/crti.o;/usr/lib/gcc/x86_64-pc-linux-gnu/12.1.1/crtbeginS.o;/usr/lib/gcc/x86_64-pc-linux-gnu/12.1.1/crtendS.o;/usr/lib/crtn.o]
  implicit dirs: [/usr/lib/gcc/x86_64-pc-linux-gnu/12.1.1;/usr/lib;/lib]
  implicit fwks: []


Detecting CXX compiler ABI info compiled with the following output:
Change Dir: /home/rickeee/Nutstore Files/我的坚果云/AST/build/CMakeFiles/CMakeTmp

Run Build Command(s):/usr/bin/make -f Makefile cmTC_b86fe/fast && /usr/bin/make  -f CMakeFiles/cmTC_b86fe.dir/build.make CMakeFiles/cmTC_b86fe.dir/build
make[1]: Entering directory '/home/rickeee/Nutstore Files/我的坚果云/AST/build/CMakeFiles/CMakeTmp'
Building CXX object CMakeFiles/cmTC_b86fe.dir/CMakeCXXCompilerABI.cpp.o
/usr/bin/c++   -v -o CMakeFiles/cmTC_b86fe.dir/CMakeCXXCompilerABI.cpp.o -c /usr/share/cmake/Modules/CMakeCXXCompilerABI.cpp
Using built-in specs.
COLLECT_GCC=/usr/bin/c++
Target: x86_64-pc-linux-gnu
Configured with: /build/gcc/src/gcc/configure --enable-languages=c,c++,ada,fortran,go,lto,objc,obj-c++,d --enable-bootstrap --prefix=/usr --libdir=/usr/lib --libexecdir=/usr/lib --mandir=/usr/share/man --infodir=/usr/share/info --with-bugurl=https://bugs.archlinux.org/ --with-build-config=bootstrap-lto --with-linker-hash-style=gnu --with-system-zlib --enable-__cxa_atexit --enable-cet=auto --enable-checking=release --enable-clocale=gnu --enable-default-pie --enable-default-ssp --enable-gnu-indirect-function --enable-gnu-unique-object --enable-libstdcxx-backtrace --enable-link-serialization=1 --enable-linker-build-id --enable-lto --enable-multilib --enable-plugin --enable-shared --enable-threads=posix --disable-libssp --disable-libstdcxx-pch --disable-werror
Thread model: posix
Supported LTO compression algorithms: zlib zstd
gcc version 12.1.1 20220730 (GCC) 
COLLECT_GCC_OPTIONS='-v' '-o' 'CMakeFiles/cmTC_b86fe.dir/CMakeCXXCompilerABI.cpp.o' '-c' '-shared-libgcc' '-mtune=generic' '-march=x86-64' '-dumpdir' 'CMakeFiles/cmTC_b86fe.dir/'
 /usr/lib/gcc/x86_64-pc-linux-gnu/12.1.1/cc1plus -quiet -v -D_GNU_SOURCE /usr/share/cmake/Modules/CMakeCXXCompilerABI.cpp -quiet -dumpdir CMakeFiles/cmTC_b86fe.dir/ -dumpbase CMakeCXXCompilerABI.cpp.cpp -dumpbase-ext .cpp -mtune=generic -march=x86-64 -version -o /tmp/ccHvBQz5.s
GNU C++17 (GCC) version 12.1.1 20220730 (x86_64-pc-linux-gnu)
	compiled by GNU C version 12.1.1 20220730, GMP version 6.2.1, MPFR version 4.1.0-p13, MPC version 1.2.1, isl version isl-0.25-GMP

GGC heuristics: --param ggc-min-expand=100 --param ggc-min-heapsize=131072
ignoring nonexistent directory "/usr/lib/gcc/x86_64-pc-linux-gnu/12.1.1/../../../../x86_64-pc-linux-gnu/include"
#include "..." search starts here:
#include <...> search starts here:
 /usr/lib/gcc/x86_64-pc-linux-gnu/12.1.1/../../../../include/c++/12.1.1
 /usr/lib/gcc/x86_64-pc-linux-gnu/12.1.1/../../../../include/c++/12.1.1/x86_64-pc-linux-gnu
 /usr/lib/gcc/x86_64-pc-linux-gnu/12.1.1/../../../../include/c++/12.1.1/backward
 /usr/lib/gcc/x86_64-pc-linux-gnu/12.1.1/include
 /usr/local/include
 /usr/lib/gcc/x86_64-pc-linux-gnu/12.1.1/include-fixed
 /usr/include
End of search list.
GNU C++17 (GCC) version 12.1.1 20220730 (x86_64-pc-linux-gnu)
	compiled by GNU C version 12.1.1 20220730, GMP version 6.2.1, MPFR version 4.1.0-p13, MPC version 1.2.1, isl version isl-0.25-GMP

GGC heuristics: --param ggc-min-expand=100 --param ggc-min-heapsize=131072
Compiler executable checksum: 8630496add660d955c9a9ad9553de44a
COLLECT_GCC_OPTIONS='-v' '-o' 'CMakeFiles/cmTC_b86fe.dir/CMakeCXXCompilerABI.cpp.o' '-c' '-shared-libgcc' '-mtune=generic' '-march=x86-64' '-dumpdir' 'CMakeFiles/cmTC_b86fe.dir/'
 as -v --64 -o CMakeFiles/cmTC_b86fe.dir/CMakeCXXCompilerABI.cpp.o /tmp/ccHvBQz5.s
GNU assembler version 2.38 (x86_64-pc-linux-gnu) using BFD version (GNU Binutils) 2.38
COMPILER_PATH=/usr/lib/gcc/x86_64-pc-linux-gnu/12.1.1/:/usr/lib/gcc/x86_64-pc-linux-gnu/12.1.1/:/usr/lib/gcc/x86_64-pc-linux-gnu/:/usr/lib/gcc/x86_64-pc-linux-gnu/12.1.1/:/usr/lib/gcc/x86_64-pc-linux-gnu/
LIBRARY_PATH=/usr/lib/gcc/x86_64-pc-linux-gnu/12.1.1/:/usr/lib/gcc/x86_64-pc-linux-gnu/12.1.1/../../../../lib/:/lib/../lib/:/usr/lib/../lib/:/usr/lib/gcc/x86_64-pc-linux-gnu/12.1.1/../../../:/lib/:/usr/lib/
COLLECT_GCC_OPTIONS='-v' '-o' 'CMakeFiles/cmTC_b86fe.dir/CMakeCXXCompilerABI.cpp.o' '-c' '-shared-libgcc' '-mtune=generic' '-march=x86-64' '-dumpdir' 'CMakeFiles/cmTC_b86fe.dir/CMakeCXXCompilerABI.cpp.'
Linking CXX executable cmTC_b86fe
/usr/bin/cmake -E cmake_link_script CMakeFiles/cmTC_b86fe.dir/link.txt --verbose=1
/usr/bin/c++  -v -rdynamic CMakeFiles/cmTC_b86fe.dir/CMakeCXXCompilerABI.cpp.o -o cmTC_b86fe 
Using built-in specs.
COLLECT_GCC=/usr/bin/c++
COLLECT_LTO_WRAPPER=/usr/lib/gcc/x86_64-pc-linux-gnu/12.1.1/lto-wrapper
Target: x86_64-pc-linux-gnu
Configured with: /build/gcc/src/gcc/configure --enable-languages=c,c++,ada,fortran,go,lto,objc,obj-c++,d --enable-bootstrap --prefix=/usr --libdir=/usr/lib --libexecdir=/usr/lib --mandir=/usr/share/man --infodir=/usr/share/info --with-bugurl=https://bugs.archlinux.org/ --with-build-config=bootstrap-lto --with-linker-hash-style=gnu --with-system-zlib --enable-__cxa_atexit --enable-cet=auto --enable-checking=release --enable-clocale=gnu --enable-default-pie --enable-default-ssp --enable-gnu-indirect-function --enable-gnu-unique-object --enable-libstdcxx-backtrace --enable-link-serialization=1 --enable-linker-build-id --enable-lto --enable-multilib --enable-plugin --enable-shared --enable-threads=posix --disable-libssp --disable-libstdcxx-pch --disable-werror
Thread model: posix
Supported LTO compression algorithms: zlib zstd
gcc version 12.1.1 20220730 (GCC) 
COMPILER_PATH=/usr/lib/gcc/x86_64-pc-linux-gnu/12.1.1/:/usr/lib/gcc/x86_64-pc-linux-gnu/12.1.1/:/usr/lib/gcc/x86_64-pc-linux-gnu/:/usr/lib/gcc/x86_64-pc-linux-gnu/12.1.1/:/usr/lib/gcc/x86_64-pc-linux-gnu/
LIBRARY_PATH=/usr/lib/gcc/x86_64-pc-linux-gnu/12.1.1/:/usr/lib/gcc/x86_64-pc-linux-gnu/12.1.1/../../../../lib/:/lib/../lib/:/usr/lib/../lib/:/usr/lib/gcc/x86_64-pc-linux-gnu/12.1.1/../../../:/lib/:/usr/lib/
COLLECT_GCC_OPTIONS='-v' '-rdynamic' '-o' 'cmTC_b86fe' '-shared-libgcc' '-mtune=generic' '-march=x86-64' '-dumpdir' 'cmTC_b86fe.'
 /usr/lib/gcc/x86_64-pc-linux-gnu/12.1.1/collect2 -plugin /usr/lib/gcc/x86_64-pc-linux-gnu/12.1.1/liblto_plugin.so -plugin-opt=/usr/lib/gcc/x86_64-pc-linux-gnu/12.1.1/lto-wrapper -plugin-opt=-fresolution=/tmp/ccSraOg0.res -plugin-opt=-pass-through=-lgcc_s -plugin-opt=-pass-through=-lgcc -plugin-opt=-pass-through=-lc -plugin-opt=-pass-through=-lgcc_s -plugin-opt=-pass-through=-lgcc --build-id --eh-frame-hdr --hash-style=gnu -m elf_x86_64 -export-dynamic -dynamic-linker /lib64/ld-linux-x86-64.so.2 -pie -o cmTC_b86fe /usr/lib/gcc/x86_64-pc-linux-gnu/12.1.1/../../../../lib/Scrt1.o /usr/lib/gcc/x86_64-pc-linux-gnu/12.1.1/../../../../lib/crti.o /usr/lib/gcc/x86_64-pc-linux-gnu/12.1.1/crtbeginS.o -L/usr/lib/gcc/x86_64-pc-linux-gnu/12.1.1 -L/usr/lib/gcc/x86_64-pc-linux-gnu/12.1.1/../../../../lib -L/lib/../lib -L/usr/lib/../lib -L/usr/lib/gcc/x86_64-pc-linux-gnu/12.1.1/../../.. CMakeFiles/cmTC_b86fe.dir/CMakeCXXCompilerABI.cpp.o -lstdc++ -lm -lgcc_s -lgcc -lc -lgcc_s -lgcc /usr/lib/gcc/x86_64-pc-linux-gnu/12.1.1/crtendS.o /usr/lib/gcc/x86_64-pc-linux-gnu/12.1.1/../../../../lib/crtn.o
COLLECT_GCC_OPTIONS='-v' '-rdynamic' '-o' 'cmTC_b86fe' '-shared-libgcc' '-mtune=generic' '-march=x86-64' '-dumpdir' 'cmTC_b86fe.'
make[1]: Leaving directory '/home/rickeee/Nutstore Files/我的坚果云/AST/build/CMakeFiles/CMakeTmp'



Parsed CXX implicit include dir info from above output: rv=done
  found start of include info
  found start of implicit include info
    add: [/usr/lib/gcc/x86_64-pc-linux-gnu/12.1.1/../../../../include/c++/12.1.1]
    add: [/usr/lib/gcc/x86_64-pc-linux-gnu/12.1.1/../../../../include/c++/12.1.1/x86_64-pc-linux-gnu]
    add: [/usr/lib/gcc/x86_64-pc-linux-gnu/12.1.1/../../../../include/c++/12.1.1/backward]
    add: [/usr/lib/gcc/x86_64-pc-linux-gnu/12.1.1/include]
    add: [/usr/local/include]
    add: [/usr/lib/gcc/x86_64-pc-linux-gnu/12.1.1/include-fixed]
    add: [/usr/include]
  end of search list found
  collapse include dir [/usr/lib/gcc/x86_64-pc-linux-gnu/12.1.1/../../../../include/c++/12.1.1] ==> [/usr/include/c++/12.1.1]
  collapse include dir [/usr/lib/gcc/x86_64-pc-linux-gnu/12.1.1/../../../../include/c++/12.1.1/x86_64-pc-linux-gnu] ==> [/usr/include/c++/12.1.1/x86_64-pc-linux-gnu]
  collapse include dir [/usr/lib/gcc/x86_64-pc-linux-gnu/12.1.1/../../../../include/c++/12.1.1/backward] ==> [/usr/include/c++/12.1.1/backward]
  collapse include dir [/usr/lib/gcc/x86_64-pc-linux-gnu/12.1.1/include] ==> [/usr/lib/gcc/x86_64-pc-linux-gnu/12.1.1/include]
  collapse include dir [/usr/local/include] ==> [/usr/local/include]
  collapse include dir [/usr/lib/gcc/x86_64-pc-linux-gnu/12.1.1/include-fixed] ==> [/usr/lib/gcc/x86_64-pc-linux-gnu/12.1.1/include-fixed]
  collapse include dir [/usr/include] ==> [/usr/include]
  implicit include dirs: [/usr/include/c++/12.1.1;/usr/include/c++/12.1.1/x86_64-pc-linux-gnu;/usr/include/c++/12.1.1/backward;/usr/lib/gcc/x86_64-pc-linux-gnu/12.1.1/include;/usr/local/include;/usr/lib/gcc/x86_64-pc-linux-gnu/12.1.1/include-fixed;/usr/include]


Parsed CXX implicit link information from above output:
  link line regex: [^( *|.*[/\])(ld|CMAKE_LINK_STARTFILE-NOTFOUND|([^/\]+-)?ld|collect2)[^/\]*( |$)]
  ignore line: [Change Dir: /home/rickeee/Nutstore Files/我的坚果云/AST/build/CMakeFiles/CMakeTmp]
  ignore line: []
  ignore line: [Run Build Command(s):/usr/bin/make -f Makefile cmTC_b86fe/fast && /usr/bin/make  -f CMakeFiles/cmTC_b86fe.dir/build.make CMakeFiles/cmTC_b86fe.dir/build]
  ignore line: [make[1]: Entering directory '/home/rickeee/Nutstore Files/我的坚果云/AST/build/CMakeFiles/CMakeTmp']
  ignore line: [Building CXX object CMakeFiles/cmTC_b86fe.dir/CMakeCXXCompilerABI.cpp.o]
  ignore line: [/usr/bin/c++   -v -o CMakeFiles/cmTC_b86fe.dir/CMakeCXXCompilerABI.cpp.o -c /usr/share/cmake/Modules/CMakeCXXCompilerABI.cpp]
  ignore line: [Using built-in specs.]
  ignore line: [COLLECT_GCC=/usr/bin/c++]
  ignore line: [Target: x86_64-pc-linux-gnu]
  ignore line: [Configured with: /build/gcc/src/gcc/configure --enable-languages=c c++ ada fortran go lto objc obj-c++ d --enable-bootstrap --prefix=/usr --libdir=/usr/lib --libexecdir=/usr/lib --mandir=/usr/share/man --infodir=/usr/share/info --with-bugurl=https://bugs.archlinux.org/ --with-build-config=bootstrap-lto --with-linker-hash-style=gnu --with-system-zlib --enable-__cxa_atexit --enable-cet=auto --enable-checking=release --enable-clocale=gnu --enable-default-pie --enable-default-ssp --enable-gnu-indirect-function --enable-gnu-unique-object --enable-libstdcxx-backtrace --enable-link-serialization=1 --enable-linker-build-id --enable-lto --enable-multilib --enable-plugin --enable-shared --enable-threads=posix --disable-libssp --disable-libstdcxx-pch --disable-werror]
  ignore line: [Thread model: posix]
  ignore line: [Supported LTO compression algorithms: zlib zstd]
  ignore line: [gcc version 12.1.1 20220730 (GCC) ]
  ignore line: [COLLECT_GCC_OPTIONS='-v' '-o' 'CMakeFiles/cmTC_b86fe.dir/CMakeCXXCompilerABI.cpp.o' '-c' '-shared-libgcc' '-mtune=generic' '-march=x86-64' '-dumpdir' 'CMakeFiles/cmTC_b86fe.dir/']
  ignore line: [ /usr/lib/gcc/x86_64-pc-linux-gnu/12.1.1/cc1plus -quiet -v -D_GNU_SOURCE /usr/share/cmake/Modules/CMakeCXXCompilerABI.cpp -quiet -dumpdir CMakeFiles/cmTC_b86fe.dir/ -dumpbase CMakeCXXCompilerABI.cpp.cpp -dumpbase-ext .cpp -mtune=generic -march=x86-64 -version -o /tmp/ccHvBQz5.s]
  ignore line: [GNU C++17 (GCC) version 12.1.1 20220730 (x86_64-pc-linux-gnu)]
  ignore line: [	compiled by GNU C version 12.1.1 20220730  GMP version 6.2.1  MPFR version 4.1.0-p13  MPC version 1.2.1  isl version isl-0.25-GMP]
  ignore line: []
  ignore line: [GGC heuristics: --param ggc-min-expand=100 --param ggc-min-heapsize=131072]
  ignore line: [ignoring nonexistent directory "/usr/lib/gcc/x86_64-pc-linux-gnu/12.1.1/../../../../x86_64-pc-linux-gnu/include"]
  ignore line: [#include "..." search starts here:]
  ignore line: [#include <...> search starts here:]
  ignore line: [ /usr/lib/gcc/x86_64-pc-linux-gnu/12.1.1/../../../../include/c++/12.1.1]
  ignore line: [ /usr/lib/gcc/x86_64-pc-linux-gnu/12.1.1/../../../../include/c++/12.1.1/x86_64-pc-linux-gnu]
  ignore line: [ /usr/lib/gcc/x86_64-pc-linux-gnu/12.1.1/../../../../include/c++/12.1.1/backward]
  ignore line: [ /usr/lib/gcc/x86_64-pc-linux-gnu/12.1.1/include]
  ignore line: [ /usr/local/include]
  ignore line: [ /usr/lib/gcc/x86_64-pc-linux-gnu/12.1.1/include-fixed]
  ignore line: [ /usr/include]
  ignore line: [End of search list.]
  ignore line: [GNU C++17 (GCC) version 12.1.1 20220730 (x86_64-pc-linux-gnu)]
  ignore line: [	compiled by GNU C version 12.1.1 20220730  GMP version 6.2.1  MPFR version 4.1.0-p13  MPC version 1.2.1  isl version isl-0.25-GMP]
  ignore line: []
  ignore line: [GGC heuristics: --param ggc-min-expand=100 --param ggc-min-heapsize=131072]
  ignore line: [Compiler executable checksum: 8630496add660d955c9a9ad9553de44a]
  ignore line: [COLLECT_GCC_OPTIONS='-v' '-o' 'CMakeFiles/cmTC_b86fe.dir/CMakeCXXCompilerABI.cpp.o' '-c' '-shared-libgcc' '-mtune=generic' '-march=x86-64' '-dumpdir' 'CMakeFiles/cmTC_b86fe.dir/']
  ignore line: [ as -v --64 -o CMakeFiles/cmTC_b86fe.dir/CMakeCXXCompilerABI.cpp.o /tmp/ccHvBQz5.s]
  ignore line: [GNU assembler version 2.38 (x86_64-pc-linux-gnu) using BFD version (GNU Binutils) 2.38]
  ignore line: [COMPILER_PATH=/usr/lib/gcc/x86_64-pc-linux-gnu/12.1.1/:/usr/lib/gcc/x86_64-pc-linux-gnu/12.1.1/:/usr/lib/gcc/x86_64-pc-linux-gnu/:/usr/lib/gcc/x86_64-pc-linux-gnu/12.1.1/:/usr/lib/gcc/x86_64-pc-linux-gnu/]
  ignore line: [LIBRARY_PATH=/usr/lib/gcc/x86_64-pc-linux-gnu/12.1.1/:/usr/lib/gcc/x86_64-pc-linux-gnu/12.1.1/../../../../lib/:/lib/../lib/:/usr/lib/../lib/:/usr/lib/gcc/x86_64-pc-linux-gnu/12.1.1/../../../:/lib/:/usr/lib/]
  ignore line: [COLLECT_GCC_OPTIONS='-v' '-o' 'CMakeFiles/cmTC_b86fe.dir/CMakeCXXCompilerABI.cpp.o' '-c' '-shared-libgcc' '-mtune=generic' '-march=x86-64' '-dumpdir' 'CMakeFiles/cmTC_b86fe.dir/CMakeCXXCompilerABI.cpp.']
  ignore line: [Linking CXX executable cmTC_b86fe]
  ignore line: [/usr/bin/cmake -E cmake_link_script CMakeFiles/cmTC_b86fe.dir/link.txt --verbose=1]
  ignore line: [/usr/bin/c++  -v -rdynamic CMakeFiles/cmTC_b86fe.dir/CMakeCXXCompilerABI.cpp.o -o cmTC_b86fe ]
  ignore line: [Using built-in specs.]
  ignore line: [COLLECT_GCC=/usr/bin/c++]
  ignore line: [COLLECT_LTO_WRAPPER=/usr/lib/gcc/x86_64-pc-linux-gnu/12.1.1/lto-wrapper]
  ignore line: [Target: x86_64-pc-linux-gnu]
  ignore line: [Configured with: /build/gcc/src/gcc/configure --enable-languages=c c++ ada fortran go lto objc obj-c++ d --enable-bootstrap --prefix=/usr --libdir=/usr/lib --libexecdir=/usr/lib --mandir=/usr/share/man --infodir=/usr/share/info --with-bugurl=https://bugs.archlinux.org/ --with-build-config=bootstrap-lto --with-linker-hash-style=gnu --with-system-zlib --enable-__cxa_atexit --enable-cet=auto --enable-checking=release --enable-clocale=gnu --enable-default-pie --enable-default-ssp --enable-gnu-indirect-function --enable-gnu-unique-object --enable-libstdcxx-backtrace --enable-link-serialization=1 --enable-linker-build-id --enable-lto --enable-multilib --enable-plugin --enable-shared --enable-threads=posix --disable-libssp --disable-libstdcxx-pch --disable-werror]
  ignore line: [Thread model: posix]
  ignore line: [Supported LTO compression algorithms: zlib zstd]
  ignore line: [gcc version 12.1.1 20220730 (GCC) ]
  ignore line: [COMPILER_PATH=/usr/lib/gcc/x86_64-pc-linux-gnu/12.1.1/:/usr/lib/gcc/x86_64-pc-linux-gnu/12.1.1/:/usr/lib/gcc/x86_64-pc-linux-gnu/:/usr/lib/gcc/x86_64-pc-linux-gnu/12.1.1/:/usr/lib/gcc/x86_64-pc-linux-gnu/]
  ignore line: [LIBRARY_PATH=/usr/lib/gcc/x86_64-pc-linux-gnu/12.1.1/:/usr/lib/gcc/x86_64-pc-linux-gnu/12.1.1/../../../../lib/:/lib/../lib/:/usr/lib/../lib/:/usr/lib/gcc/x86_64-pc-linux-gnu/12.1.1/../../../:/lib/:/usr/lib/]
  ignore line: [COLLECT_GCC_OPTIONS='-v' '-rdynamic' '-o' 'cmTC_b86fe' '-shared-libgcc' '-mtune=generic' '-march=x86-64' '-dumpdir' 'cmTC_b86fe.']
  link line: [ /usr/lib/gcc/x86_64-pc-linux-gnu/12.1.1/collect2 -plugin /usr/lib/gcc/x86_64-pc-linux-gnu/12.1.1/liblto_plugin.so -plugin-opt=/usr/lib/gcc/x86_64-pc-linux-gnu/12.1.1/lto-wrapper -plugin-opt=-fresolution=/tmp/ccSraOg0.res -plugin-opt=-pass-through=-lgcc_s -plugin-opt=-pass-through=-lgcc -plugin-opt=-pass-through=-lc -plugin-opt=-pass-through=-lgcc_s -plugin-opt=-pass-through=-lgcc --build-id --eh-frame-hdr --hash-style=gnu -m elf_x86_64 -export-dynamic -dynamic-linker /lib64/ld-linux-x86-64.so.2 -pie -o cmTC_b86fe /usr/lib/gcc/x86_64-pc-linux-gnu/12.1.1/../../../../lib/Scrt1.o /usr/lib/gcc/x86_64-pc-linux-gnu/12.1.1/../../../../lib/crti.o /usr/lib/gcc/x86_64-pc-linux-gnu/12.1.1/crtbeginS.o -L/usr/lib/gcc/x86_64-pc-linux-gnu/12.1.1 -L/usr/lib/gcc/x86_64-pc-linux-gnu/12.1.1/../../../../lib -L/lib/../lib -L/usr/lib/../lib -L/usr/lib/gcc/x86_64-pc-linux-gnu/12.1.1/../../.. CMakeFiles/cmTC_b86fe.dir/CMakeCXXCompilerABI.cpp.o -lstdc++ -lm -lgcc_s -lgcc -lc -lgcc_s -lgcc /usr/lib/gcc/x86_64-pc-linux-gnu/12.1.1/crtendS.o /usr/lib/gcc/x86_64-pc-linux-gnu/12.1.1/../../../../lib/crtn.o]
    arg [/usr/lib/gcc/x86_64-pc-linux-gnu/12.1.1/collect2] ==> ignore
    arg [-plugin] ==> ignore
    arg [/usr/lib/gcc/x86_64-pc-linux-gnu/12.1.1/liblto_plugin.so] ==> ignore
    arg [-plugin-opt=/usr/lib/gcc/x86_64-pc-linux-gnu/12.1.1/lto-wrapper] ==> ignore
    arg [-plugin-opt=-fresolution=/tmp/ccSraOg0.res] ==> ignore
    arg [-plugin-opt=-pass-through=-lgcc_s] ==> ignore
    arg [-plugin-opt=-pass-through=-lgcc] ==> ignore
    arg [-plugin-opt=-pass-through=-lc] ==> ignore
    arg [-plugin-opt=-pass-through=-lgcc_s] ==> ignore
    arg [-plugin-opt=-pass-through=-lgcc] ==> ignore
    arg [--build-id] ==> ignore
    arg [--eh-frame-hdr] ==> ignore
    arg [--hash-style=gnu] ==> ignore
    arg [-m] ==> ignore
    arg [elf_x86_64] ==> ignore
    arg [-export-dynamic] ==> ignore
    arg [-dynamic-linker] ==> ignore
    arg [/lib64/ld-linux-x86-64.so.2] ==> ignore
    arg [-pie] ==> ignore
    arg [-o] ==> ignore
    arg [cmTC_b86fe] ==> ignore
    arg [/usr/lib/gcc/x86_64-pc-linux-gnu/12.1.1/../../../../lib/Scrt1.o] ==> obj [/usr/lib/gcc/x86_64-pc-linux-gnu/12.1.1/../../../../lib/Scrt1.o]
    arg [/usr/lib/gcc/x86_64-pc-linux-gnu/12.1.1/../../../../lib/crti.o] ==> obj [/usr/lib/gcc/x86_64-pc-linux-gnu/12.1.1/../../../../lib/crti.o]
    arg [/usr/lib/gcc/x86_64-pc-linux-gnu/12.1.1/crtbeginS.o] ==> obj [/usr/lib/gcc/x86_64-pc-linux-gnu/12.1.1/crtbeginS.o]
    arg [-L/usr/lib/gcc/x86_64-pc-linux-gnu/12.1.1] ==> dir [/usr/lib/gcc/x86_64-pc-linux-gnu/12.1.1]
    arg [-L/usr/lib/gcc/x86_64-pc-linux-gnu/12.1.1/../../../../lib] ==> dir [/usr/lib/gcc/x86_64-pc-linux-gnu/12.1.1/../../../../lib]
    arg [-L/lib/../lib] ==> dir [/lib/../lib]
    arg [-L/usr/lib/../lib] ==> dir [/usr/lib/../lib]
    arg [-L/usr/lib/gcc/x86_64-pc-linux-gnu/12.1.1/../../..] ==> dir [/usr/lib/gcc/x86_64-pc-linux-gnu/12.1.1/../../..]
    arg [CMakeFiles/cmTC_b86fe.dir/CMakeCXXCompilerABI.cpp.o] ==> ignore
    arg [-lstdc++] ==> lib [stdc++]
    arg [-lm] ==> lib [m]
    arg [-lgcc_s] ==> lib [gcc_s]
    arg [-lgcc] ==> lib [gcc]
    arg [-lc] ==> lib [c]
    arg [-lgcc_s] ==> lib [gcc_s]
    arg [-lgcc] ==> lib [gcc]
    arg [/usr/lib/gcc/x86_64-pc-linux-gnu/12.1.1/crtendS.o] ==> obj [/usr/lib/gcc/x86_64-pc-linux-gnu/12.1.1/crtendS.o]
    arg [/usr/lib/gcc/x86_64-pc-linux-gnu/12.1.1/../../../../lib/crtn.o] ==> obj [/usr/lib/gcc/x86_64-pc-linux-gnu/12.1.1/../../../../lib/crtn.o]
  collapse obj [/usr/lib/gcc/x86_64-pc-linux-gnu/12.1.1/../../../../lib/Scrt1.o] ==> [/usr/lib/Scrt1.o]
  collapse obj [/usr/lib/gcc/x86_64-pc-linux-gnu/12.1.1/../../../../lib/crti.o] ==> [/usr/lib/crti.o]
  collapse obj [/usr/lib/gcc/x86_64-pc-linux-gnu/12.1.1/../../../../lib/crtn.o] ==> [/usr/lib/crtn.o]
  collapse library dir [/usr/lib/gcc/x86_64-pc-linux-gnu/12.1.1] ==> [/usr/lib/gcc/x86_64-pc-linux-gnu/12.1.1]
  collapse library dir [/usr/lib/gcc/x86_64-pc-linux-gnu/12.1.1/../../../../lib] ==> [/usr/lib]
  collapse library dir [/lib/../lib] ==> [/lib]
  collapse library dir [/usr/lib/../lib] ==> [/usr/lib]
  collapse library dir [/usr/lib/gcc/x86_64-pc-linux-gnu/12.1.1/../../..] ==> [/usr/lib]
  implicit libs: [stdc++;m;gcc_s;gcc;c;gcc_s;gcc]
  implicit objs: [/usr/lib/Scrt1.o;/usr/lib/crti.o;/usr/lib/gcc/x86_64-pc-linux-gnu/12.1.1/crtbeginS.o;/usr/lib/gcc/x86_64-pc-linux-gnu/12.1.1/crtendS.o;/usr/lib/crtn.o]
  implicit dirs: [/usr/lib/gcc/x86_64-pc-linux-gnu/12.1.1;/usr/lib;/lib]
  implicit fwks: []


